<?xml version="1.0" encoding="UTF-8"?>
<!-- Generated by org.testng.reporters.JUnitXMLReporter -->
<testsuite ignored="0" hostname="Zaara" failures="0" tests="1" name="Test-Runner-1" time="34.112" errors="0" timestamp="2024-01-10T14:51:18 IST">
  <testcase classname="contactsTests.CreateNewContactTest" name="createContactWithMandatoryFields" time="19.781"/>
</testsuite> <!-- Test-Runner-1 -->
