<?xml version="1.0" encoding="UTF-8"?>
<!-- Generated by org.testng.reporters.JUnitXMLReporter -->
<testsuite ignored="0" hostname="Zaara" failures="0" tests="1" name="Test-Runner-2" time="45.051" errors="0" timestamp="2024-01-10T14:51:29 IST">
  <testcase classname="contactsTests.CreateContactWithLeadSourceTest" name="createContactWithLeadSourceTest" time="30.74"/>
</testsuite> <!-- Test-Runner-2 -->
