<?xml version="1.0" encoding="UTF-8"?>
<!-- Generated by org.testng.reporters.JUnitReportReporter -->
<testsuite hostname="Zaara" failures="0" tests="4" name="practice.TestNGPractice" time="0.011" errors="0" timestamp="2024-01-04T15:49:17 IST" skipped="0">
  <testcase classname="practice.TestNGPractice" name="modifyCustomer" time="0.002"/>
  <system-out/>
  <testcase classname="practice.TestNGPractice" name="deleteCustomer" time="0.007"/>
  <system-out/>
  <testcase classname="practice.TestNGPractice" name="createCustomer" time="0.001"/>
  <system-out/>
  <testcase classname="practice.TestNGPractice" name="createCustomer" time="0.001"/>
  <system-out/>
</testsuite> <!-- practice.TestNGPractice -->
