<?xml version="1.0" encoding="UTF-8"?>
<!-- Generated by org.testng.reporters.JUnitReportReporter -->
<testsuite hostname="Zaara" failures="0" tests="1" name="contactsTests.CreateContactWithLeadSourceTest" time="39.635" errors="0" timestamp="2024-01-10T14:51:29 IST" skipped="0">
  <testcase classname="contactsTests.CreateContactWithLeadSourceTest" name="createContactWithLeadSourceTest" time="39.635"/>
  <system-out/>
</testsuite> <!-- contactsTests.CreateContactWithLeadSourceTest -->
