<?xml version="1.0" encoding="UTF-8"?>
<!-- Generated by org.testng.reporters.JUnitReportReporter -->
<testsuite hostname="Zaara" failures="0" tests="1" name="contactsTests.CreateNewContactTest" time="28.643" errors="0" timestamp="2024-01-11T15:28:22 IST" skipped="0">
  <testcase classname="contactsTests.CreateNewContactTest" name="createContactWithMandatoryFields" time="28.643"/>
  <system-out/>
</testsuite> <!-- contactsTests.CreateNewContactTest -->
